mode: set
homework-charlyecastro/servers/gateway/handlers/auth.go:15.74,16.33 1 1
homework-charlyecastro/servers/gateway/handlers/auth.go:16.33,17.75 1 1
homework-charlyecastro/servers/gateway/handlers/auth.go:21.3,23.46 3 1
homework-charlyecastro/servers/gateway/handlers/auth.go:27.3,28.17 2 1
homework-charlyecastro/servers/gateway/handlers/auth.go:32.3,33.17 2 1
homework-charlyecastro/servers/gateway/handlers/auth.go:37.3,38.17 2 1
homework-charlyecastro/servers/gateway/handlers/auth.go:42.3,44.17 3 1
homework-charlyecastro/servers/gateway/handlers/auth.go:48.3,51.17 4 1
homework-charlyecastro/servers/gateway/handlers/auth.go:17.75,20.4 2 1
homework-charlyecastro/servers/gateway/handlers/auth.go:23.46,26.4 2 0
homework-charlyecastro/servers/gateway/handlers/auth.go:28.17,31.4 2 1
homework-charlyecastro/servers/gateway/handlers/auth.go:33.17,36.4 2 1
homework-charlyecastro/servers/gateway/handlers/auth.go:38.17,41.4 2 0
homework-charlyecastro/servers/gateway/handlers/auth.go:44.17,47.4 2 1
homework-charlyecastro/servers/gateway/handlers/auth.go:51.17,53.4 1 1
homework-charlyecastro/servers/gateway/handlers/auth.go:53.9,55.4 1 0
homework-charlyecastro/servers/gateway/handlers/auth.go:56.8,56.40 1 1
homework-charlyecastro/servers/gateway/handlers/auth.go:56.40,59.3 2 1
homework-charlyecastro/servers/gateway/handlers/auth.go:63.81,67.16 3 1
homework-charlyecastro/servers/gateway/handlers/auth.go:72.2,75.21 4 1
homework-charlyecastro/servers/gateway/handlers/auth.go:84.2,84.32 1 1
homework-charlyecastro/servers/gateway/handlers/auth.go:67.16,70.3 2 1
homework-charlyecastro/servers/gateway/handlers/auth.go:75.21,77.3 1 1
homework-charlyecastro/servers/gateway/handlers/auth.go:77.8,79.21 2 1
homework-charlyecastro/servers/gateway/handlers/auth.go:79.21,82.4 2 1
homework-charlyecastro/servers/gateway/handlers/auth.go:84.32,86.17 2 1
homework-charlyecastro/servers/gateway/handlers/auth.go:90.3,93.17 4 1
homework-charlyecastro/servers/gateway/handlers/auth.go:86.17,89.4 2 1
homework-charlyecastro/servers/gateway/handlers/auth.go:93.17,95.4 1 1
homework-charlyecastro/servers/gateway/handlers/auth.go:95.9,97.4 1 0
homework-charlyecastro/servers/gateway/handlers/auth.go:98.8,98.41 1 1
homework-charlyecastro/servers/gateway/handlers/auth.go:98.41,99.49 1 1
homework-charlyecastro/servers/gateway/handlers/auth.go:103.3,103.75 1 1
homework-charlyecastro/servers/gateway/handlers/auth.go:107.3,109.45 3 1
homework-charlyecastro/servers/gateway/handlers/auth.go:113.3,114.17 2 1
homework-charlyecastro/servers/gateway/handlers/auth.go:118.3,121.17 4 1
homework-charlyecastro/servers/gateway/handlers/auth.go:99.49,102.4 2 1
homework-charlyecastro/servers/gateway/handlers/auth.go:103.75,106.4 2 1
homework-charlyecastro/servers/gateway/handlers/auth.go:109.45,112.4 2 0
homework-charlyecastro/servers/gateway/handlers/auth.go:114.17,117.4 2 1
homework-charlyecastro/servers/gateway/handlers/auth.go:121.17,124.4 1 1
homework-charlyecastro/servers/gateway/handlers/auth.go:124.9,126.4 1 0
homework-charlyecastro/servers/gateway/handlers/auth.go:127.8,130.3 2 1
homework-charlyecastro/servers/gateway/handlers/auth.go:134.77,135.33 1 1
homework-charlyecastro/servers/gateway/handlers/auth.go:135.33,136.75 1 1
homework-charlyecastro/servers/gateway/handlers/auth.go:140.3,142.49 3 1
homework-charlyecastro/servers/gateway/handlers/auth.go:146.3,147.17 2 1
homework-charlyecastro/servers/gateway/handlers/auth.go:151.3,152.17 2 1
homework-charlyecastro/servers/gateway/handlers/auth.go:156.3,157.25 2 1
homework-charlyecastro/servers/gateway/handlers/auth.go:160.3,169.17 6 1
homework-charlyecastro/servers/gateway/handlers/auth.go:173.3,176.17 4 1
homework-charlyecastro/servers/gateway/handlers/auth.go:136.75,139.4 2 1
homework-charlyecastro/servers/gateway/handlers/auth.go:142.49,145.4 2 0
homework-charlyecastro/servers/gateway/handlers/auth.go:147.17,150.4 2 1
homework-charlyecastro/servers/gateway/handlers/auth.go:152.17,155.4 2 1
homework-charlyecastro/servers/gateway/handlers/auth.go:157.25,159.4 1 1
homework-charlyecastro/servers/gateway/handlers/auth.go:169.17,172.4 2 1
homework-charlyecastro/servers/gateway/handlers/auth.go:176.17,178.4 1 1
homework-charlyecastro/servers/gateway/handlers/auth.go:178.9,180.4 1 0
homework-charlyecastro/servers/gateway/handlers/auth.go:181.8,184.3 2 1
homework-charlyecastro/servers/gateway/handlers/auth.go:188.84,189.35 1 1
homework-charlyecastro/servers/gateway/handlers/auth.go:189.35,191.24 2 1
homework-charlyecastro/servers/gateway/handlers/auth.go:195.3,196.17 2 1
homework-charlyecastro/servers/gateway/handlers/auth.go:191.24,194.4 2 1
homework-charlyecastro/servers/gateway/handlers/auth.go:196.17,199.4 2 1
homework-charlyecastro/servers/gateway/handlers/auth.go:200.8,203.3 2 1
homework-charlyecastro/servers/gateway/handlers/auth.go:207.44,211.2 3 1
homework-charlyecastro/servers/gateway/handlers/context.go:19.97,20.69 1 1
homework-charlyecastro/servers/gateway/handlers/context.go:23.2,23.54 1 1
homework-charlyecastro/servers/gateway/handlers/context.go:20.69,21.31 1 0
homework-charlyecastro/servers/gateway/handlers/cors.go:14.66,20.27 6 1
homework-charlyecastro/servers/gateway/handlers/cors.go:28.2,28.27 1 0
homework-charlyecastro/servers/gateway/handlers/cors.go:20.27,21.90 1 1
homework-charlyecastro/servers/gateway/handlers/cors.go:25.3,26.9 2 1
homework-charlyecastro/servers/gateway/handlers/cors.go:21.90,24.4 2 1
homework-charlyecastro/servers/gateway/handlers/cors.go:32.48,34.2 1 1
homework-charlyecastro/servers/gateway/handlers/summary.go:42.61,46.23 3 1
homework-charlyecastro/servers/gateway/handlers/summary.go:46.23,49.18 2 1
homework-charlyecastro/servers/gateway/handlers/summary.go:53.3,54.17 2 1
homework-charlyecastro/servers/gateway/handlers/summary.go:49.18,52.4 2 0
homework-charlyecastro/servers/gateway/handlers/summary.go:54.17,56.18 2 1
homework-charlyecastro/servers/gateway/handlers/summary.go:56.18,59.19 3 1
homework-charlyecastro/servers/gateway/handlers/summary.go:59.19,61.6 1 1
homework-charlyecastro/servers/gateway/handlers/summary.go:61.11,63.6 1 0
homework-charlyecastro/servers/gateway/handlers/summary.go:65.10,68.5 2 0
homework-charlyecastro/servers/gateway/handlers/summary.go:69.9,72.4 2 0
homework-charlyecastro/servers/gateway/handlers/summary.go:73.8,76.3 2 0
homework-charlyecastro/servers/gateway/handlers/summary.go:82.55,88.16 2 1
homework-charlyecastro/servers/gateway/handlers/summary.go:93.2,93.28 1 1
homework-charlyecastro/servers/gateway/handlers/summary.go:97.2,98.44 2 1
homework-charlyecastro/servers/gateway/handlers/summary.go:101.2,101.23 1 1
homework-charlyecastro/servers/gateway/handlers/summary.go:88.16,90.3 1 0
homework-charlyecastro/servers/gateway/handlers/summary.go:93.28,95.3 1 1
homework-charlyecastro/servers/gateway/handlers/summary.go:98.44,100.3 1 1
homework-charlyecastro/servers/gateway/handlers/summary.go:106.85,109.6 3 1
homework-charlyecastro/servers/gateway/handlers/summary.go:264.2,264.28 1 1
homework-charlyecastro/servers/gateway/handlers/summary.go:109.6,111.35 2 1
homework-charlyecastro/servers/gateway/handlers/summary.go:117.3,117.38 1 1
homework-charlyecastro/servers/gateway/handlers/summary.go:111.35,113.21 2 1
homework-charlyecastro/servers/gateway/handlers/summary.go:113.21,114.10 1 1
homework-charlyecastro/servers/gateway/handlers/summary.go:117.38,119.28 2 1
homework-charlyecastro/servers/gateway/handlers/summary.go:119.28,123.9 4 1
homework-charlyecastro/servers/gateway/handlers/summary.go:123.9,125.82 2 1
homework-charlyecastro/servers/gateway/handlers/summary.go:251.6,251.39 1 1
homework-charlyecastro/servers/gateway/handlers/summary.go:125.82,127.55 2 1
homework-charlyecastro/servers/gateway/handlers/summary.go:127.55,130.28 3 1
homework-charlyecastro/servers/gateway/handlers/summary.go:135.8,139.36 5 1
homework-charlyecastro/servers/gateway/handlers/summary.go:130.28,134.9 3 1
homework-charlyecastro/servers/gateway/handlers/summary.go:139.36,140.23 1 1
homework-charlyecastro/servers/gateway/handlers/summary.go:145.9,145.24 1 1
homework-charlyecastro/servers/gateway/handlers/summary.go:140.23,142.10 1 1
homework-charlyecastro/servers/gateway/handlers/summary.go:142.15,144.10 1 1
homework-charlyecastro/servers/gateway/handlers/summary.go:146.24,147.43 1 1
homework-charlyecastro/servers/gateway/handlers/summary.go:148.29,149.32 1 0
homework-charlyecastro/servers/gateway/handlers/summary.go:152.23,153.42 1 1
homework-charlyecastro/servers/gateway/handlers/summary.go:154.20,155.31 1 0
homework-charlyecastro/servers/gateway/handlers/summary.go:158.25,159.44 1 1
homework-charlyecastro/servers/gateway/handlers/summary.go:160.30,161.33 1 0
homework-charlyecastro/servers/gateway/handlers/summary.go:164.29,165.47 1 1
homework-charlyecastro/servers/gateway/handlers/summary.go:166.31,167.50 1 1
homework-charlyecastro/servers/gateway/handlers/summary.go:168.36,169.39 1 0
homework-charlyecastro/servers/gateway/handlers/summary.go:172.28,173.45 1 1
homework-charlyecastro/servers/gateway/handlers/summary.go:176.23,177.45 1 1
homework-charlyecastro/servers/gateway/handlers/summary.go:178.25,181.34 3 1
homework-charlyecastro/servers/gateway/handlers/summary.go:184.10,184.37 1 1
homework-charlyecastro/servers/gateway/handlers/summary.go:185.25,188.50 3 1
homework-charlyecastro/servers/gateway/handlers/summary.go:193.30,196.50 3 0
homework-charlyecastro/servers/gateway/handlers/summary.go:202.36,203.65 1 1
homework-charlyecastro/servers/gateway/handlers/summary.go:204.30,205.60 1 1
homework-charlyecastro/servers/gateway/handlers/summary.go:206.31,209.24 3 1
homework-charlyecastro/servers/gateway/handlers/summary.go:212.32,214.24 2 1
homework-charlyecastro/servers/gateway/handlers/summary.go:217.29,218.59 1 1
homework-charlyecastro/servers/gateway/handlers/summary.go:149.32,151.11 1 0
homework-charlyecastro/servers/gateway/handlers/summary.go:155.31,157.11 1 0
homework-charlyecastro/servers/gateway/handlers/summary.go:161.33,163.11 1 0
homework-charlyecastro/servers/gateway/handlers/summary.go:169.39,171.11 1 0
homework-charlyecastro/servers/gateway/handlers/summary.go:173.45,175.11 1 1
homework-charlyecastro/servers/gateway/handlers/summary.go:181.34,183.11 1 1
homework-charlyecastro/servers/gateway/handlers/summary.go:188.50,192.11 3 1
homework-charlyecastro/servers/gateway/handlers/summary.go:196.50,200.11 3 0
homework-charlyecastro/servers/gateway/handlers/summary.go:209.24,211.11 1 1
homework-charlyecastro/servers/gateway/handlers/summary.go:214.24,216.11 1 1
homework-charlyecastro/servers/gateway/handlers/summary.go:220.14,220.28 1 1
homework-charlyecastro/servers/gateway/handlers/summary.go:220.28,221.29 1 1
homework-charlyecastro/servers/gateway/handlers/summary.go:221.29,226.24 5 1
homework-charlyecastro/servers/gateway/handlers/summary.go:229.10,229.24 1 1
homework-charlyecastro/servers/gateway/handlers/summary.go:240.10,240.24 1 1
homework-charlyecastro/servers/gateway/handlers/summary.go:243.10,243.30 1 1
homework-charlyecastro/servers/gateway/handlers/summary.go:226.24,228.11 1 1
homework-charlyecastro/servers/gateway/handlers/summary.go:229.24,230.29 1 1
homework-charlyecastro/servers/gateway/handlers/summary.go:230.29,234.42 4 1
homework-charlyecastro/servers/gateway/handlers/summary.go:234.42,237.13 2 1
homework-charlyecastro/servers/gateway/handlers/summary.go:240.24,242.11 1 1
homework-charlyecastro/servers/gateway/handlers/summary.go:246.13,246.39 1 1
homework-charlyecastro/servers/gateway/handlers/summary.go:246.39,249.8 2 1
homework-charlyecastro/servers/gateway/handlers/summary.go:251.39,253.31 2 1
homework-charlyecastro/servers/gateway/handlers/summary.go:253.31,254.34 1 1
homework-charlyecastro/servers/gateway/handlers/summary.go:257.8,257.28 1 1
homework-charlyecastro/servers/gateway/handlers/summary.go:254.34,256.9 1 1
homework-charlyecastro/servers/gateway/handlers/summary.go:269.53,272.37 3 1
homework-charlyecastro/servers/gateway/handlers/summary.go:275.2,275.13 1 1
homework-charlyecastro/servers/gateway/handlers/summary.go:272.37,274.3 1 1
homework-charlyecastro/servers/gateway/handlers/summary.go:279.26,281.2 1 0
homework-charlyecastro/servers/gateway/handlers/summary.go:284.32,286.2 1 1
homework-charlyecastro/servers/gateway/handlers/summary.go:290.60,291.22 1 1
homework-charlyecastro/servers/gateway/handlers/summary.go:296.2,296.14 1 1
homework-charlyecastro/servers/gateway/handlers/summary.go:291.22,292.26 1 1
homework-charlyecastro/servers/gateway/handlers/summary.go:292.26,294.4 1 0
