mode: set
homework-charlyecastro/servers/gateway/sessions/memstore.go:19.88,23.2 1 1
homework-charlyecastro/servers/gateway/sessions/memstore.go:28.66,30.16 2 1
homework-charlyecastro/servers/gateway/sessions/memstore.go:33.2,34.12 2 1
homework-charlyecastro/servers/gateway/sessions/memstore.go:30.16,32.3 1 1
homework-charlyecastro/servers/gateway/sessions/memstore.go:39.65,41.12 2 1
homework-charlyecastro/servers/gateway/sessions/memstore.go:45.2,46.42 2 1
homework-charlyecastro/servers/gateway/sessions/memstore.go:41.12,43.3 1 1
homework-charlyecastro/servers/gateway/sessions/memstore.go:50.49,53.2 2 1
homework-charlyecastro/servers/gateway/sessions/redisstore.go:17.85,19.2 1 1
homework-charlyecastro/servers/gateway/sessions/redisstore.go:24.75,26.16 2 1
homework-charlyecastro/servers/gateway/sessions/redisstore.go:29.2,30.18 2 1
homework-charlyecastro/servers/gateway/sessions/redisstore.go:33.2,33.12 1 1
homework-charlyecastro/servers/gateway/sessions/redisstore.go:26.16,28.3 1 1
homework-charlyecastro/servers/gateway/sessions/redisstore.go:30.18,32.3 1 0
homework-charlyecastro/servers/gateway/sessions/redisstore.go:38.74,46.16 6 1
homework-charlyecastro/servers/gateway/sessions/redisstore.go:50.2,51.16 2 1
homework-charlyecastro/servers/gateway/sessions/redisstore.go:55.2,55.53 1 1
homework-charlyecastro/servers/gateway/sessions/redisstore.go:46.16,48.3 1 1
homework-charlyecastro/servers/gateway/sessions/redisstore.go:51.16,53.3 1 0
homework-charlyecastro/servers/gateway/sessions/redisstore.go:59.51,62.2 2 1
homework-charlyecastro/servers/gateway/sessions/redisstore.go:65.43,67.2 1 1
homework-charlyecastro/servers/gateway/sessions/session.go:21.119,31.16 2 1
homework-charlyecastro/servers/gateway/sessions/session.go:35.2,40.17 5 1
homework-charlyecastro/servers/gateway/sessions/session.go:31.16,33.3 1 1
homework-charlyecastro/servers/gateway/sessions/session.go:44.74,51.18 3 1
homework-charlyecastro/servers/gateway/sessions/session.go:57.2,57.43 1 1
homework-charlyecastro/servers/gateway/sessions/session.go:60.2,63.16 4 1
homework-charlyecastro/servers/gateway/sessions/session.go:67.2,67.20 1 1
homework-charlyecastro/servers/gateway/sessions/session.go:51.18,53.19 2 1
homework-charlyecastro/servers/gateway/sessions/session.go:53.19,55.4 1 1
homework-charlyecastro/servers/gateway/sessions/session.go:57.43,59.3 1 1
homework-charlyecastro/servers/gateway/sessions/session.go:63.16,65.3 1 1
homework-charlyecastro/servers/gateway/sessions/session.go:73.109,77.16 2 1
homework-charlyecastro/servers/gateway/sessions/session.go:80.2,81.21 2 1
homework-charlyecastro/servers/gateway/sessions/session.go:84.2,84.20 1 1
homework-charlyecastro/servers/gateway/sessions/session.go:77.16,79.3 1 1
homework-charlyecastro/servers/gateway/sessions/session.go:81.21,83.3 1 1
homework-charlyecastro/servers/gateway/sessions/session.go:90.85,94.16 2 1
homework-charlyecastro/servers/gateway/sessions/session.go:97.2,98.20 2 1
homework-charlyecastro/servers/gateway/sessions/session.go:94.16,96.3 1 1
homework-charlyecastro/servers/gateway/sessions/sessionid.go:39.57,43.25 1 1
homework-charlyecastro/servers/gateway/sessions/sessionid.go:55.2,57.16 3 1
homework-charlyecastro/servers/gateway/sessions/sessionid.go:61.2,68.34 6 1
homework-charlyecastro/servers/gateway/sessions/sessionid.go:43.25,45.3 1 1
homework-charlyecastro/servers/gateway/sessions/sessionid.go:57.16,59.3 1 0
homework-charlyecastro/servers/gateway/sessions/sessionid.go:74.66,85.16 2 1
homework-charlyecastro/servers/gateway/sessions/sessionid.go:89.2,99.11 7 1
homework-charlyecastro/servers/gateway/sessions/sessionid.go:102.2,102.39 1 1
homework-charlyecastro/servers/gateway/sessions/sessionid.go:85.16,87.3 1 1
homework-charlyecastro/servers/gateway/sessions/sessionid.go:99.11,101.3 1 1
homework-charlyecastro/servers/gateway/sessions/sessionid.go:106.38,108.2 1 1
