mode: set
homework-charlyecastro/servers/gateway/indexes/trie.go:20.22,22.2 1 1
homework-charlyecastro/servers/gateway/indexes/trie.go:25.26,27.2 1 1
homework-charlyecastro/servers/gateway/indexes/trie.go:30.45,37.2 6 1
homework-charlyecastro/servers/gateway/indexes/trie.go:39.59,41.34 2 1
homework-charlyecastro/servers/gateway/indexes/trie.go:48.2,48.12 1 1
homework-charlyecastro/servers/gateway/indexes/trie.go:59.2,59.23 1 1
homework-charlyecastro/servers/gateway/indexes/trie.go:41.34,42.25 1 1
homework-charlyecastro/servers/gateway/indexes/trie.go:42.25,45.9 3 1
homework-charlyecastro/servers/gateway/indexes/trie.go:48.12,54.49 4 1
homework-charlyecastro/servers/gateway/indexes/trie.go:57.3,57.15 1 1
homework-charlyecastro/servers/gateway/indexes/trie.go:54.49,56.4 1 1
homework-charlyecastro/servers/gateway/indexes/trie.go:59.23,64.3 4 1
homework-charlyecastro/servers/gateway/indexes/trie.go:64.8,66.3 1 1
homework-charlyecastro/servers/gateway/indexes/trie.go:72.53,79.2 6 1
homework-charlyecastro/servers/gateway/indexes/trie.go:80.81,81.20 1 1
homework-charlyecastro/servers/gateway/indexes/trie.go:93.2,93.21 1 1
homework-charlyecastro/servers/gateway/indexes/trie.go:116.2,116.13 1 1
homework-charlyecastro/servers/gateway/indexes/trie.go:81.20,82.35 1 1
homework-charlyecastro/servers/gateway/indexes/trie.go:91.3,91.19 1 1
homework-charlyecastro/servers/gateway/indexes/trie.go:82.35,83.26 1 1
homework-charlyecastro/servers/gateway/indexes/trie.go:83.26,89.5 5 1
homework-charlyecastro/servers/gateway/indexes/trie.go:93.21,94.25 1 1
homework-charlyecastro/servers/gateway/indexes/trie.go:101.3,101.35 1 1
homework-charlyecastro/servers/gateway/indexes/trie.go:94.25,95.32 1 1
homework-charlyecastro/servers/gateway/indexes/trie.go:95.32,96.27 1 1
homework-charlyecastro/servers/gateway/indexes/trie.go:96.27,98.6 1 1
homework-charlyecastro/servers/gateway/indexes/trie.go:101.35,102.23 1 1
homework-charlyecastro/servers/gateway/indexes/trie.go:109.4,109.27 1 1
homework-charlyecastro/servers/gateway/indexes/trie.go:102.23,103.30 1 1
homework-charlyecastro/servers/gateway/indexes/trie.go:103.30,104.28 1 1
homework-charlyecastro/servers/gateway/indexes/trie.go:104.28,106.7 1 1
homework-charlyecastro/servers/gateway/indexes/trie.go:109.27,113.5 3 1
homework-charlyecastro/servers/gateway/indexes/trie.go:121.48,128.2 6 1
homework-charlyecastro/servers/gateway/indexes/trie.go:130.65,131.20 1 1
homework-charlyecastro/servers/gateway/indexes/trie.go:131.20,134.35 3 1
homework-charlyecastro/servers/gateway/indexes/trie.go:145.3,145.20 1 1
homework-charlyecastro/servers/gateway/indexes/trie.go:134.35,135.26 1 1
homework-charlyecastro/servers/gateway/indexes/trie.go:135.26,142.10 7 1
homework-charlyecastro/servers/gateway/indexes/trie.go:145.20,147.62 2 1
homework-charlyecastro/servers/gateway/indexes/trie.go:147.62,149.5 1 1
homework-charlyecastro/servers/gateway/indexes/trie.go:151.8,152.25 1 1
homework-charlyecastro/servers/gateway/indexes/trie.go:152.25,154.32 2 1
homework-charlyecastro/servers/gateway/indexes/trie.go:160.4,160.71 1 1
homework-charlyecastro/servers/gateway/indexes/trie.go:154.32,155.19 1 1
homework-charlyecastro/servers/gateway/indexes/trie.go:155.19,157.6 1 1
homework-charlyecastro/servers/gateway/indexes/trie.go:165.44,166.25 1 1
homework-charlyecastro/servers/gateway/indexes/trie.go:171.2,171.14 1 1
homework-charlyecastro/servers/gateway/indexes/trie.go:166.25,167.14 1 1
homework-charlyecastro/servers/gateway/indexes/trie.go:167.14,169.4 1 1
