mode: set
homework-charlyecastro/servers/gateway/models/users/mysqlstore.go:25.44,26.15 1 1
homework-charlyecastro/servers/gateway/models/users/mysqlstore.go:29.2,29.24 1 1
homework-charlyecastro/servers/gateway/models/users/mysqlstore.go:26.15,27.32 1 0
homework-charlyecastro/servers/gateway/models/users/mysqlstore.go:32.55,36.16 3 1
homework-charlyecastro/servers/gateway/models/users/mysqlstore.go:39.2,39.18 1 1
homework-charlyecastro/servers/gateway/models/users/mysqlstore.go:36.16,38.3 1 1
homework-charlyecastro/servers/gateway/models/users/mysqlstore.go:42.62,46.16 3 1
homework-charlyecastro/servers/gateway/models/users/mysqlstore.go:49.2,49.18 1 1
homework-charlyecastro/servers/gateway/models/users/mysqlstore.go:46.16,48.3 1 1
homework-charlyecastro/servers/gateway/models/users/mysqlstore.go:52.68,56.16 3 1
homework-charlyecastro/servers/gateway/models/users/mysqlstore.go:59.2,59.18 1 1
homework-charlyecastro/servers/gateway/models/users/mysqlstore.go:56.16,58.3 1 1
homework-charlyecastro/servers/gateway/models/users/mysqlstore.go:62.56,65.16 2 1
homework-charlyecastro/servers/gateway/models/users/mysqlstore.go:69.2,70.16 2 1
homework-charlyecastro/servers/gateway/models/users/mysqlstore.go:75.2,76.18 2 1
homework-charlyecastro/servers/gateway/models/users/mysqlstore.go:65.16,67.3 1 1
homework-charlyecastro/servers/gateway/models/users/mysqlstore.go:70.16,72.3 1 0
homework-charlyecastro/servers/gateway/models/users/mysqlstore.go:79.72,85.45 5 1
homework-charlyecastro/servers/gateway/models/users/mysqlstore.go:93.2,93.16 1 1
homework-charlyecastro/servers/gateway/models/users/mysqlstore.go:96.2,97.16 2 1
homework-charlyecastro/servers/gateway/models/users/mysqlstore.go:102.2,102.19 1 1
homework-charlyecastro/servers/gateway/models/users/mysqlstore.go:105.2,105.22 1 1
homework-charlyecastro/servers/gateway/models/users/mysqlstore.go:85.45,87.3 1 1
homework-charlyecastro/servers/gateway/models/users/mysqlstore.go:87.8,87.31 1 1
homework-charlyecastro/servers/gateway/models/users/mysqlstore.go:87.31,89.3 1 1
homework-charlyecastro/servers/gateway/models/users/mysqlstore.go:89.8,89.30 1 1
homework-charlyecastro/servers/gateway/models/users/mysqlstore.go:89.30,91.3 1 1
homework-charlyecastro/servers/gateway/models/users/mysqlstore.go:93.16,95.3 1 1
homework-charlyecastro/servers/gateway/models/users/mysqlstore.go:97.16,99.3 1 0
homework-charlyecastro/servers/gateway/models/users/mysqlstore.go:102.19,104.3 1 0
homework-charlyecastro/servers/gateway/models/users/mysqlstore.go:108.45,110.16 2 1
homework-charlyecastro/servers/gateway/models/users/mysqlstore.go:113.2,113.12 1 1
homework-charlyecastro/servers/gateway/models/users/mysqlstore.go:110.16,112.3 1 1
homework-charlyecastro/servers/gateway/models/users/mysqlstore.go:116.44,118.137 2 1
homework-charlyecastro/servers/gateway/models/users/mysqlstore.go:124.2,124.18 1 1
homework-charlyecastro/servers/gateway/models/users/mysqlstore.go:118.137,119.27 1 1
homework-charlyecastro/servers/gateway/models/users/mysqlstore.go:122.3,122.46 1 1
homework-charlyecastro/servers/gateway/models/users/mysqlstore.go:119.27,121.4 1 1
homework-charlyecastro/servers/gateway/models/users/user.go:56.37,67.16 4 1
homework-charlyecastro/servers/gateway/models/users/user.go:70.2,70.26 1 1
homework-charlyecastro/servers/gateway/models/users/user.go:73.2,73.36 1 1
homework-charlyecastro/servers/gateway/models/users/user.go:76.2,76.64 1 1
homework-charlyecastro/servers/gateway/models/users/user.go:79.2,79.12 1 1
homework-charlyecastro/servers/gateway/models/users/user.go:67.16,69.3 1 1
homework-charlyecastro/servers/gateway/models/users/user.go:70.26,72.3 1 1
homework-charlyecastro/servers/gateway/models/users/user.go:73.36,75.3 1 1
homework-charlyecastro/servers/gateway/models/users/user.go:76.64,78.3 1 1
homework-charlyecastro/servers/gateway/models/users/user.go:84.44,86.16 2 1
homework-charlyecastro/servers/gateway/models/users/user.go:90.2,100.15 9 1
homework-charlyecastro/servers/gateway/models/users/user.go:86.16,88.3 1 0
homework-charlyecastro/servers/gateway/models/users/user.go:108.34,111.49 2 1
homework-charlyecastro/servers/gateway/models/users/user.go:114.2,114.41 1 1
homework-charlyecastro/servers/gateway/models/users/user.go:111.49,113.3 1 1
homework-charlyecastro/servers/gateway/models/users/user.go:118.51,120.16 2 1
homework-charlyecastro/servers/gateway/models/users/user.go:123.2,124.12 2 1
homework-charlyecastro/servers/gateway/models/users/user.go:120.16,122.3 1 0
homework-charlyecastro/servers/gateway/models/users/user.go:129.52,131.16 2 1
homework-charlyecastro/servers/gateway/models/users/user.go:134.2,134.12 1 1
homework-charlyecastro/servers/gateway/models/users/user.go:131.16,133.3 1 1
homework-charlyecastro/servers/gateway/models/users/user.go:137.53,138.61 1 1
homework-charlyecastro/servers/gateway/models/users/user.go:141.2,141.32 1 1
homework-charlyecastro/servers/gateway/models/users/user.go:144.2,144.31 1 1
homework-charlyecastro/servers/gateway/models/users/user.go:147.2,147.12 1 1
homework-charlyecastro/servers/gateway/models/users/user.go:138.61,140.3 1 1
homework-charlyecastro/servers/gateway/models/users/user.go:141.32,143.3 1 1
homework-charlyecastro/servers/gateway/models/users/user.go:144.31,146.3 1 1
homework-charlyecastro/servers/gateway/models/users/user.go:150.39,155.2 4 1
